{"contracts\\channel.sol":{"l":{"8":3,"9":3,"10":3,"11":3,"15":2,"19":0,"23":3,"27":0,"46":3,"47":3,"48":3,"50":3,"51":2,"57":4,"58":4,"59":4,"61":4,"62":4,"63":4,"64":4,"65":4,"66":4,"67":4,"68":4,"74":7,"75":7,"77":6,"78":6,"79":6,"80":6,"82":6,"83":12,"84":12,"87":6,"88":4,"90":2,"91":2,"93":0,"96":2,"98":1,"100":1,"105":2,"106":2,"107":2,"113":1,"114":1,"129":5,"130":5},"path":"C:\\Users\\Usuario\\Documents\\UIB\\SECOM\\micropagaments\\micropayments-channel\\contracts\\channel.sol","s":{"1":3,"2":3,"3":3,"4":3,"5":2,"6":0,"7":3,"8":0,"9":3,"10":3,"11":3,"12":3,"13":2,"14":4,"15":4,"16":4,"17":4,"18":4,"19":4,"20":4,"21":4,"22":4,"23":4,"24":4,"25":7,"26":7,"27":6,"28":6,"29":6,"30":6,"31":6,"32":12,"33":12,"34":6,"35":4,"36":2,"37":2,"38":0,"39":2,"40":1,"41":1,"42":2,"43":2,"44":2,"45":1,"46":1,"47":5},"b":{"1":[2,1],"2":[2,0],"3":[4,0],"4":[4,0],"5":[7,0],"6":[6,1],"7":[4,2],"8":[2,2],"9":[2,0],"10":[1,1],"11":[1,0],"12":[5,0]},"f":{"1":3,"2":2,"3":0,"4":3,"5":0,"6":3,"7":4,"8":7,"9":1,"10":0,"11":5},"fnMap":{"1":{"name":"createChannel","line":7,"loc":{"start":{"line":7,"column":4},"end":{"line":12,"column":4}}},"2":{"name":"getChannels","line":14,"loc":{"start":{"line":14,"column":4},"end":{"line":16,"column":4}}},"3":{"name":"getChannelsCount","line":18,"loc":{"start":{"line":18,"column":4},"end":{"line":20,"column":4}}},"4":{"name":"getOwnerChannels","line":22,"loc":{"start":{"line":22,"column":4},"end":{"line":24,"column":4}}},"5":{"name":"getOwnerChannelsCount","line":26,"loc":{"start":{"line":26,"column":4},"end":{"line":28,"column":4}}},"6":{"name":"constructor","line":45,"loc":{"start":{"line":45,"column":4},"end":{"line":53,"column":4}}},"7":{"name":"setChannelParams","line":56,"loc":{"start":{"line":56,"column":4},"end":{"line":69,"column":4}}},"8":{"name":"transferDeposit","line":73,"loc":{"start":{"line":73,"column":4},"end":{"line":108,"column":4}}},"9":{"name":"channelClose","line":111,"loc":{"start":{"line":111,"column":4},"end":{"line":115,"column":4}}},"10":{"name":null,"line":124,"loc":{"start":{"line":124,"column":4},"end":{"line":126,"column":4}}},"11":{"name":"onlyOwner","line":128,"loc":{"start":{"line":128,"column":4},"end":{"line":131,"column":4}}}},"statementMap":{"1":{"start":{"line":8,"column":8},"end":{"line":8,"column":89}},"2":{"start":{"line":9,"column":8},"end":{"line":9,"column":32}},"3":{"start":{"line":10,"column":8},"end":{"line":10,"column":49}},"4":{"start":{"line":11,"column":8},"end":{"line":11,"column":25}},"5":{"start":{"line":15,"column":8},"end":{"line":15,"column":30}},"6":{"start":{"line":19,"column":8},"end":{"line":19,"column":30}},"7":{"start":{"line":23,"column":8},"end":{"line":23,"column":36}},"8":{"start":{"line":27,"column":8},"end":{"line":27,"column":43}},"9":{"start":{"line":46,"column":8},"end":{"line":46,"column":27}},"10":{"start":{"line":47,"column":8},"end":{"line":47,"column":13}},"11":{"start":{"line":48,"column":8},"end":{"line":48,"column":13}},"12":{"start":{"line":50,"column":8},"end":{"line":50,"column":1620}},"13":{"start":{"line":51,"column":12},"end":{"line":51,"column":55}},"14":{"start":{"line":57,"column":8},"end":{"line":57,"column":48}},"15":{"start":{"line":58,"column":8},"end":{"line":58,"column":161}},"16":{"start":{"line":59,"column":8},"end":{"line":59,"column":12}},"17":{"start":{"line":61,"column":8},"end":{"line":61,"column":19}},"18":{"start":{"line":62,"column":8},"end":{"line":62,"column":19}},"19":{"start":{"line":63,"column":8},"end":{"line":63,"column":19}},"20":{"start":{"line":64,"column":8},"end":{"line":64,"column":13}},"21":{"start":{"line":65,"column":8},"end":{"line":65,"column":13}},"22":{"start":{"line":66,"column":8},"end":{"line":66,"column":21}},"23":{"start":{"line":67,"column":8},"end":{"line":67,"column":15}},"24":{"start":{"line":68,"column":8},"end":{"line":68,"column":15}},"25":{"start":{"line":74,"column":8},"end":{"line":74,"column":65}},"26":{"start":{"line":75,"column":8},"end":{"line":75,"column":32}},"27":{"start":{"line":77,"column":8},"end":{"line":77,"column":23}},"28":{"start":{"line":78,"column":8},"end":{"line":78,"column":39}},"29":{"start":{"line":79,"column":8},"end":{"line":79,"column":39}},"30":{"start":{"line":80,"column":8},"end":{"line":80,"column":23}},"31":{"start":{"line":82,"column":8},"end":{"line":82,"column":2916}},"32":{"start":{"line":83,"column":12},"end":{"line":83,"column":52}},"33":{"start":{"line":84,"column":12},"end":{"line":84,"column":52}},"34":{"start":{"line":87,"column":8},"end":{"line":87,"column":52}},"35":{"start":{"line":88,"column":8},"end":{"line":88,"column":52}},"36":{"start":{"line":90,"column":8},"end":{"line":90,"column":3186}},"37":{"start":{"line":91,"column":12},"end":{"line":91,"column":30}},"38":{"start":{"line":93,"column":12},"end":{"line":93,"column":32}},"39":{"start":{"line":96,"column":8},"end":{"line":96,"column":3310}},"40":{"start":{"line":98,"column":12},"end":{"line":98,"column":64}},"41":{"start":{"line":100,"column":12},"end":{"line":100,"column":50}},"42":{"start":{"line":105,"column":8},"end":{"line":105,"column":12}},"43":{"start":{"line":106,"column":8},"end":{"line":106,"column":29}},"44":{"start":{"line":107,"column":8},"end":{"line":107,"column":29}},"45":{"start":{"line":113,"column":8},"end":{"line":113,"column":60}},"46":{"start":{"line":114,"column":8},"end":{"line":114,"column":40}},"47":{"start":{"line":129,"column":8},"end":{"line":129,"column":100}}},"branchMap":{"1":{"line":50,"type":"if","locations":[{"start":{"line":50,"column":8},"end":{"line":50,"column":8}},{"start":{"line":50,"column":8},"end":{"line":50,"column":8}}]},"2":{"line":51,"type":"if","locations":[{"start":{"line":51,"column":12},"end":{"line":51,"column":12}},{"start":{"line":51,"column":12},"end":{"line":51,"column":12}}]},"3":{"line":57,"type":"if","locations":[{"start":{"line":57,"column":8},"end":{"line":57,"column":8}},{"start":{"line":57,"column":8},"end":{"line":57,"column":8}}]},"4":{"line":58,"type":"if","locations":[{"start":{"line":58,"column":8},"end":{"line":58,"column":8}},{"start":{"line":58,"column":8},"end":{"line":58,"column":8}}]},"5":{"line":74,"type":"if","locations":[{"start":{"line":74,"column":8},"end":{"line":74,"column":8}},{"start":{"line":74,"column":8},"end":{"line":74,"column":8}}]},"6":{"line":75,"type":"if","locations":[{"start":{"line":75,"column":8},"end":{"line":75,"column":8}},{"start":{"line":75,"column":8},"end":{"line":75,"column":8}}]},"7":{"line":87,"type":"if","locations":[{"start":{"line":87,"column":8},"end":{"line":87,"column":8}},{"start":{"line":87,"column":8},"end":{"line":87,"column":8}}]},"8":{"line":88,"type":"if","locations":[{"start":{"line":88,"column":8},"end":{"line":88,"column":8}},{"start":{"line":88,"column":8},"end":{"line":88,"column":8}}]},"9":{"line":90,"type":"if","locations":[{"start":{"line":90,"column":8},"end":{"line":90,"column":8}},{"start":{"line":90,"column":8},"end":{"line":90,"column":8}}]},"10":{"line":96,"type":"if","locations":[{"start":{"line":96,"column":8},"end":{"line":96,"column":8}},{"start":{"line":96,"column":8},"end":{"line":96,"column":8}}]},"11":{"line":113,"type":"if","locations":[{"start":{"line":113,"column":8},"end":{"line":113,"column":8}},{"start":{"line":113,"column":8},"end":{"line":113,"column":8}}]},"12":{"line":129,"type":"if","locations":[{"start":{"line":129,"column":8},"end":{"line":129,"column":8}},{"start":{"line":129,"column":8},"end":{"line":129,"column":8}}]}}}}