{"contracts\\channel.sol":{"l":{"8":2,"9":2,"10":2,"11":2,"15":2,"19":0,"23":2,"27":0,"47":2,"48":2,"49":2,"51":2,"52":2,"58":0,"59":0,"60":0,"62":0,"63":0,"64":0,"65":0,"66":0,"69":0,"70":0,"71":0,"81":0,"82":0,"84":0,"85":0,"86":0,"87":0,"89":0,"90":0,"91":0,"94":0,"95":0,"97":0,"98":0,"100":0,"103":0,"105":0,"107":0,"113":0,"114":0,"115":0,"122":0,"123":0,"151":0,"152":0},"path":"C:\\Users\\Usuario\\Documents\\UIB\\SECOM\\micropagaments\\micropayments-channel\\contracts\\channel.sol","s":{"1":2,"2":2,"3":2,"4":2,"5":2,"6":0,"7":2,"8":0,"9":2,"10":2,"11":2,"12":2,"13":2,"14":0,"15":0,"16":0,"17":0,"18":0,"19":0,"20":0,"21":0,"22":0,"23":0,"24":0,"25":0,"26":0,"27":0,"28":0,"29":0,"30":0,"31":0,"32":0,"33":0,"34":0,"35":0,"36":0,"37":0,"38":0,"39":0,"40":0,"41":0,"42":0,"43":0,"44":0,"45":0,"46":0,"47":0},"b":{"1":[2,0],"2":[2,0],"3":[0,0],"4":[0,0],"5":[0,0],"6":[0,0],"7":[0,0],"8":[0,0],"9":[0,0],"10":[0,0],"11":[0,0],"12":[0,0]},"f":{"1":2,"2":2,"3":0,"4":2,"5":0,"6":2,"7":0,"8":0,"9":0,"10":0,"11":0},"fnMap":{"1":{"name":"createChannel","line":7,"loc":{"start":{"line":7,"column":4},"end":{"line":12,"column":4}}},"2":{"name":"getChannels","line":14,"loc":{"start":{"line":14,"column":4},"end":{"line":16,"column":4}}},"3":{"name":"getChannelsCount","line":18,"loc":{"start":{"line":18,"column":4},"end":{"line":20,"column":4}}},"4":{"name":"getOwnerChannels","line":22,"loc":{"start":{"line":22,"column":4},"end":{"line":24,"column":4}}},"5":{"name":"getOwnerChannelsCount","line":26,"loc":{"start":{"line":26,"column":4},"end":{"line":28,"column":4}}},"6":{"name":"constructor","line":46,"loc":{"start":{"line":46,"column":4},"end":{"line":54,"column":4}}},"7":{"name":"setChannelParams","line":57,"loc":{"start":{"line":57,"column":4},"end":{"line":72,"column":4}}},"8":{"name":"transferDeposit","line":80,"loc":{"start":{"line":80,"column":4},"end":{"line":116,"column":4}}},"9":{"name":"channelClose","line":119,"loc":{"start":{"line":119,"column":4},"end":{"line":124,"column":4}}},"10":{"name":null,"line":145,"loc":{"start":{"line":145,"column":4},"end":{"line":147,"column":4}}},"11":{"name":"onlyOwner","line":150,"loc":{"start":{"line":150,"column":4},"end":{"line":153,"column":4}}}},"statementMap":{"1":{"start":{"line":8,"column":8},"end":{"line":8,"column":89}},"2":{"start":{"line":9,"column":8},"end":{"line":9,"column":32}},"3":{"start":{"line":10,"column":8},"end":{"line":10,"column":49}},"4":{"start":{"line":11,"column":8},"end":{"line":11,"column":25}},"5":{"start":{"line":15,"column":8},"end":{"line":15,"column":30}},"6":{"start":{"line":19,"column":8},"end":{"line":19,"column":30}},"7":{"start":{"line":23,"column":8},"end":{"line":23,"column":36}},"8":{"start":{"line":27,"column":8},"end":{"line":27,"column":43}},"9":{"start":{"line":47,"column":8},"end":{"line":47,"column":27}},"10":{"start":{"line":48,"column":8},"end":{"line":48,"column":13}},"11":{"start":{"line":49,"column":8},"end":{"line":49,"column":13}},"12":{"start":{"line":51,"column":8},"end":{"line":51,"column":1501}},"13":{"start":{"line":52,"column":12},"end":{"line":52,"column":55}},"14":{"start":{"line":58,"column":8},"end":{"line":58,"column":48}},"15":{"start":{"line":59,"column":8},"end":{"line":59,"column":161}},"16":{"start":{"line":60,"column":8},"end":{"line":60,"column":12}},"17":{"start":{"line":62,"column":8},"end":{"line":62,"column":19}},"18":{"start":{"line":63,"column":8},"end":{"line":63,"column":19}},"19":{"start":{"line":64,"column":8},"end":{"line":64,"column":19}},"20":{"start":{"line":65,"column":8},"end":{"line":65,"column":13}},"21":{"start":{"line":66,"column":8},"end":{"line":66,"column":13}},"22":{"start":{"line":69,"column":8},"end":{"line":69,"column":21}},"23":{"start":{"line":70,"column":8},"end":{"line":70,"column":15}},"24":{"start":{"line":71,"column":8},"end":{"line":71,"column":15}},"25":{"start":{"line":81,"column":8},"end":{"line":81,"column":280}},"26":{"start":{"line":82,"column":8},"end":{"line":82,"column":32}},"27":{"start":{"line":84,"column":8},"end":{"line":84,"column":23}},"28":{"start":{"line":85,"column":8},"end":{"line":85,"column":39}},"29":{"start":{"line":86,"column":8},"end":{"line":86,"column":39}},"30":{"start":{"line":87,"column":8},"end":{"line":87,"column":23}},"31":{"start":{"line":89,"column":8},"end":{"line":89,"column":3183}},"32":{"start":{"line":90,"column":12},"end":{"line":90,"column":52}},"33":{"start":{"line":91,"column":12},"end":{"line":91,"column":52}},"34":{"start":{"line":94,"column":8},"end":{"line":94,"column":52}},"35":{"start":{"line":95,"column":8},"end":{"line":95,"column":52}},"36":{"start":{"line":97,"column":8},"end":{"line":97,"column":3453}},"37":{"start":{"line":98,"column":12},"end":{"line":98,"column":30}},"38":{"start":{"line":100,"column":12},"end":{"line":100,"column":32}},"39":{"start":{"line":103,"column":8},"end":{"line":103,"column":3577}},"40":{"start":{"line":105,"column":12},"end":{"line":105,"column":64}},"41":{"start":{"line":107,"column":12},"end":{"line":107,"column":50}},"42":{"start":{"line":113,"column":8},"end":{"line":113,"column":12}},"43":{"start":{"line":114,"column":8},"end":{"line":114,"column":29}},"44":{"start":{"line":115,"column":8},"end":{"line":115,"column":29}},"45":{"start":{"line":122,"column":8},"end":{"line":122,"column":91}},"46":{"start":{"line":123,"column":8},"end":{"line":123,"column":40}},"47":{"start":{"line":151,"column":8},"end":{"line":151,"column":100}}},"branchMap":{"1":{"line":51,"type":"if","locations":[{"start":{"line":51,"column":8},"end":{"line":51,"column":8}},{"start":{"line":51,"column":8},"end":{"line":51,"column":8}}]},"2":{"line":52,"type":"if","locations":[{"start":{"line":52,"column":12},"end":{"line":52,"column":12}},{"start":{"line":52,"column":12},"end":{"line":52,"column":12}}]},"3":{"line":58,"type":"if","locations":[{"start":{"line":58,"column":8},"end":{"line":58,"column":8}},{"start":{"line":58,"column":8},"end":{"line":58,"column":8}}]},"4":{"line":59,"type":"if","locations":[{"start":{"line":59,"column":8},"end":{"line":59,"column":8}},{"start":{"line":59,"column":8},"end":{"line":59,"column":8}}]},"5":{"line":81,"type":"if","locations":[{"start":{"line":81,"column":8},"end":{"line":81,"column":8}},{"start":{"line":81,"column":8},"end":{"line":81,"column":8}}]},"6":{"line":82,"type":"if","locations":[{"start":{"line":82,"column":8},"end":{"line":82,"column":8}},{"start":{"line":82,"column":8},"end":{"line":82,"column":8}}]},"7":{"line":94,"type":"if","locations":[{"start":{"line":94,"column":8},"end":{"line":94,"column":8}},{"start":{"line":94,"column":8},"end":{"line":94,"column":8}}]},"8":{"line":95,"type":"if","locations":[{"start":{"line":95,"column":8},"end":{"line":95,"column":8}},{"start":{"line":95,"column":8},"end":{"line":95,"column":8}}]},"9":{"line":97,"type":"if","locations":[{"start":{"line":97,"column":8},"end":{"line":97,"column":8}},{"start":{"line":97,"column":8},"end":{"line":97,"column":8}}]},"10":{"line":103,"type":"if","locations":[{"start":{"line":103,"column":8},"end":{"line":103,"column":8}},{"start":{"line":103,"column":8},"end":{"line":103,"column":8}}]},"11":{"line":122,"type":"if","locations":[{"start":{"line":122,"column":8},"end":{"line":122,"column":8}},{"start":{"line":122,"column":8},"end":{"line":122,"column":8}}]},"12":{"line":151,"type":"if","locations":[{"start":{"line":151,"column":8},"end":{"line":151,"column":8}},{"start":{"line":151,"column":8},"end":{"line":151,"column":8}}]}}}}